<?xml version="1.0" encoding="UTF-8"?>
<!-- Generated by org.testng.reporters.JUnitReportReporter -->
<testsuite hostname="DESKTOP-6LIE0K3" failures="0" tests="1" name="test_cases.FileUploadDemo2" time="11.794" errors="0" timestamp="28 Apr 2023 20:30:51 GMT">
  <testcase classname="test_cases.FileUploadDemo2" name="robotTest" time="11.794"/>
</testsuite> <!-- test_cases.FileUploadDemo2 -->
